TRACE::2024-09-08.17:34:43::SCWBifWriter::Found the complete platform D:/pantherun/Iot_Display/design_1_wrapper/export/design_1_wrapper/design_1_wrapper.xpfm
TRACE::2024-09-08.17:34:43::SCWBifWriter::hardware databse : design_1_wrapper_7
TRACE::2024-09-08.17:34:43::SCWBifWriter::bitstream found in the design
TRACE::2024-09-08.17:34:43::SCWBifWriter::Found a baremetal domain, proc: ps7_cortexa9_0
TRACE::2024-09-08.17:34:43::SCWBifWriter::proc type : 
TRACE::2024-09-08.17:34:43::SCWBifWriter::proc[0] : ps7_cortexa9_0
TRACE::2024-09-08.17:34:43::SCWBifWriter::Device type is : zynq
TRACE::2024-09-08.17:34:43::SCWBifWriter::Writing BIF to file : D:/pantherun/Iot_Display/iot_display2_system/Debug/system.bif
TRACE::2024-09-08.17:34:43::SCWBifWriter::Writing the Zynq Baremetal bif 
TRACE::2024-09-08.17:37:02::SCWBifWriter::Found the complete platform D:/pantherun/Iot_Display/design_1_wrapper/export/design_1_wrapper/design_1_wrapper.xpfm
TRACE::2024-09-08.17:37:02::SCWBifWriter::hardware databse : design_1_wrapper_7
TRACE::2024-09-08.17:37:02::SCWBifWriter::bitstream found in the design
TRACE::2024-09-08.17:37:02::SCWBifWriter::Found a baremetal domain, proc: ps7_cortexa9_0
TRACE::2024-09-08.17:37:02::SCWBifWriter::proc type : 
TRACE::2024-09-08.17:37:02::SCWBifWriter::proc[0] : ps7_cortexa9_0
TRACE::2024-09-08.17:37:02::SCWBifWriter::Device type is : zynq
TRACE::2024-09-08.17:37:02::SCWBifWriter::Writing BIF to file : D:/pantherun/Iot_Display/iot_display2_system/Debug/system.bif
TRACE::2024-09-08.17:37:02::SCWBifWriter::Writing the Zynq Baremetal bif 
TRACE::2024-09-08.17:39:47::SCWBifWriter::Found the complete platform D:/pantherun/Iot_Display/design_1_wrapper/export/design_1_wrapper/design_1_wrapper.xpfm
TRACE::2024-09-08.17:39:47::SCWBifWriter::hardware databse : design_1_wrapper_7
TRACE::2024-09-08.17:39:47::SCWBifWriter::bitstream found in the design
TRACE::2024-09-08.17:39:47::SCWBifWriter::Found a baremetal domain, proc: ps7_cortexa9_0
TRACE::2024-09-08.17:39:47::SCWBifWriter::proc type : 
TRACE::2024-09-08.17:39:47::SCWBifWriter::proc[0] : ps7_cortexa9_0
TRACE::2024-09-08.17:39:47::SCWBifWriter::Device type is : zynq
TRACE::2024-09-08.17:39:47::SCWBifWriter::Writing BIF to file : D:/pantherun/Iot_Display/iot_display2_system/Debug/system.bif
TRACE::2024-09-08.17:39:47::SCWBifWriter::Writing the Zynq Baremetal bif 
TRACE::2024-09-08.17:40:31::SCWBifWriter::Found the complete platform D:/pantherun/Iot_Display/design_1_wrapper/export/design_1_wrapper/design_1_wrapper.xpfm
TRACE::2024-09-08.17:40:31::SCWBifWriter::hardware databse : design_1_wrapper_7
TRACE::2024-09-08.17:40:31::SCWBifWriter::bitstream found in the design
TRACE::2024-09-08.17:40:31::SCWBifWriter::Found a baremetal domain, proc: ps7_cortexa9_0
TRACE::2024-09-08.17:40:31::SCWBifWriter::proc type : 
TRACE::2024-09-08.17:40:31::SCWBifWriter::proc[0] : ps7_cortexa9_0
TRACE::2024-09-08.17:40:31::SCWBifWriter::Device type is : zynq
TRACE::2024-09-08.17:40:31::SCWBifWriter::Writing BIF to file : D:/pantherun/Iot_Display/iot_display2_system/Debug/system.bif
TRACE::2024-09-08.17:40:31::SCWBifWriter::Writing the Zynq Baremetal bif 
TRACE::2024-09-08.17:42:06::SCWBifWriter::Found the complete platform D:/pantherun/Iot_Display/design_1_wrapper/export/design_1_wrapper/design_1_wrapper.xpfm
TRACE::2024-09-08.17:42:06::SCWBifWriter::hardware databse : design_1_wrapper_7
TRACE::2024-09-08.17:42:06::SCWBifWriter::bitstream found in the design
TRACE::2024-09-08.17:42:06::SCWBifWriter::Found a baremetal domain, proc: ps7_cortexa9_0
TRACE::2024-09-08.17:42:06::SCWBifWriter::proc type : 
TRACE::2024-09-08.17:42:06::SCWBifWriter::proc[0] : ps7_cortexa9_0
TRACE::2024-09-08.17:42:06::SCWBifWriter::Device type is : zynq
TRACE::2024-09-08.17:42:06::SCWBifWriter::Writing BIF to file : D:/pantherun/Iot_Display/iot_display2_system/Debug/system.bif
TRACE::2024-09-08.17:42:06::SCWBifWriter::Writing the Zynq Baremetal bif 
TRACE::2024-09-08.17:44:47::SCWBifWriter::Found the complete platform D:/pantherun/Iot_Display/design_1_wrapper/export/design_1_wrapper/design_1_wrapper.xpfm
TRACE::2024-09-08.17:44:47::SCWBifWriter::hardware databse : design_1_wrapper_7
TRACE::2024-09-08.17:44:47::SCWBifWriter::bitstream found in the design
TRACE::2024-09-08.17:44:47::SCWBifWriter::Found a baremetal domain, proc: ps7_cortexa9_0
TRACE::2024-09-08.17:44:47::SCWBifWriter::proc type : 
TRACE::2024-09-08.17:44:47::SCWBifWriter::proc[0] : ps7_cortexa9_0
TRACE::2024-09-08.17:44:47::SCWBifWriter::Device type is : zynq
TRACE::2024-09-08.17:44:47::SCWBifWriter::Writing BIF to file : D:/pantherun/Iot_Display/iot_display2_system/Debug/system.bif
TRACE::2024-09-08.17:44:47::SCWBifWriter::Writing the Zynq Baremetal bif 
TRACE::2024-09-08.17:45:06::SCWBifWriter::Found the complete platform D:/pantherun/Iot_Display/design_1_wrapper/export/design_1_wrapper/design_1_wrapper.xpfm
TRACE::2024-09-08.17:45:06::SCWBifWriter::hardware databse : design_1_wrapper_7
TRACE::2024-09-08.17:45:06::SCWBifWriter::bitstream found in the design
TRACE::2024-09-08.17:45:06::SCWBifWriter::Found a baremetal domain, proc: ps7_cortexa9_0
TRACE::2024-09-08.17:45:06::SCWBifWriter::proc type : 
TRACE::2024-09-08.17:45:06::SCWBifWriter::proc[0] : ps7_cortexa9_0
TRACE::2024-09-08.17:45:06::SCWBifWriter::Device type is : zynq
TRACE::2024-09-08.17:45:06::SCWBifWriter::Writing BIF to file : D:/pantherun/Iot_Display/iot_display2_system/Debug/system.bif
TRACE::2024-09-08.17:45:06::SCWBifWriter::Writing the Zynq Baremetal bif 
TRACE::2024-09-08.17:46:02::SCWBifWriter::Found the complete platform D:/pantherun/Iot_Display/design_1_wrapper/export/design_1_wrapper/design_1_wrapper.xpfm
TRACE::2024-09-08.17:46:02::SCWBifWriter::hardware databse : design_1_wrapper_7
TRACE::2024-09-08.17:46:02::SCWBifWriter::bitstream found in the design
TRACE::2024-09-08.17:46:02::SCWBifWriter::Found a baremetal domain, proc: ps7_cortexa9_0
TRACE::2024-09-08.17:46:02::SCWBifWriter::proc type : 
TRACE::2024-09-08.17:46:02::SCWBifWriter::proc[0] : ps7_cortexa9_0
TRACE::2024-09-08.17:46:02::SCWBifWriter::Device type is : zynq
TRACE::2024-09-08.17:46:02::SCWBifWriter::Writing BIF to file : D:/pantherun/Iot_Display/iot_display2_system/Debug/system.bif
TRACE::2024-09-08.17:46:02::SCWBifWriter::Writing the Zynq Baremetal bif 
TRACE::2024-09-08.17:46:35::SCWBifWriter::Found the complete platform D:/pantherun/Iot_Display/design_1_wrapper/export/design_1_wrapper/design_1_wrapper.xpfm
TRACE::2024-09-08.17:46:35::SCWBifWriter::hardware databse : design_1_wrapper_7
TRACE::2024-09-08.17:46:35::SCWBifWriter::bitstream found in the design
TRACE::2024-09-08.17:46:35::SCWBifWriter::Found a baremetal domain, proc: ps7_cortexa9_0
TRACE::2024-09-08.17:46:35::SCWBifWriter::proc type : 
TRACE::2024-09-08.17:46:35::SCWBifWriter::proc[0] : ps7_cortexa9_0
TRACE::2024-09-08.17:46:35::SCWBifWriter::Device type is : zynq
TRACE::2024-09-08.17:46:35::SCWBifWriter::Writing BIF to file : D:/pantherun/Iot_Display/iot_display2_system/Debug/system.bif
TRACE::2024-09-08.17:46:35::SCWBifWriter::Writing the Zynq Baremetal bif 
TRACE::2024-09-08.17:46:58::SCWBifWriter::Found the complete platform D:/pantherun/Iot_Display/design_1_wrapper/export/design_1_wrapper/design_1_wrapper.xpfm
TRACE::2024-09-08.17:46:58::SCWBifWriter::hardware databse : design_1_wrapper_7
TRACE::2024-09-08.17:46:58::SCWBifWriter::bitstream found in the design
TRACE::2024-09-08.17:46:58::SCWBifWriter::Found a baremetal domain, proc: ps7_cortexa9_0
TRACE::2024-09-08.17:46:58::SCWBifWriter::proc type : 
TRACE::2024-09-08.17:46:58::SCWBifWriter::proc[0] : ps7_cortexa9_0
TRACE::2024-09-08.17:46:58::SCWBifWriter::Device type is : zynq
TRACE::2024-09-08.17:46:58::SCWBifWriter::Writing BIF to file : D:/pantherun/Iot_Display/iot_display2_system/Debug/system.bif
TRACE::2024-09-08.17:46:58::SCWBifWriter::Writing the Zynq Baremetal bif 
TRACE::2024-09-08.17:47:54::SCWBifWriter::Found the complete platform D:/pantherun/Iot_Display/design_1_wrapper/export/design_1_wrapper/design_1_wrapper.xpfm
TRACE::2024-09-08.17:47:54::SCWBifWriter::hardware databse : design_1_wrapper_7
TRACE::2024-09-08.17:47:54::SCWBifWriter::bitstream found in the design
TRACE::2024-09-08.17:47:54::SCWBifWriter::Found a baremetal domain, proc: ps7_cortexa9_0
TRACE::2024-09-08.17:47:54::SCWBifWriter::proc type : 
TRACE::2024-09-08.17:47:54::SCWBifWriter::proc[0] : ps7_cortexa9_0
TRACE::2024-09-08.17:47:54::SCWBifWriter::Device type is : zynq
TRACE::2024-09-08.17:47:54::SCWBifWriter::Writing BIF to file : D:/pantherun/Iot_Display/iot_display2_system/Debug/system.bif
TRACE::2024-09-08.17:47:54::SCWBifWriter::Writing the Zynq Baremetal bif 
TRACE::2024-09-08.17:48:56::SCWBifWriter::Found the complete platform D:/pantherun/Iot_Display/design_1_wrapper/export/design_1_wrapper/design_1_wrapper.xpfm
TRACE::2024-09-08.17:48:56::SCWBifWriter::hardware databse : design_1_wrapper_7
TRACE::2024-09-08.17:48:56::SCWBifWriter::bitstream found in the design
TRACE::2024-09-08.17:48:56::SCWBifWriter::Found a baremetal domain, proc: ps7_cortexa9_0
TRACE::2024-09-08.17:48:56::SCWBifWriter::proc type : 
TRACE::2024-09-08.17:48:56::SCWBifWriter::proc[0] : ps7_cortexa9_0
TRACE::2024-09-08.17:48:56::SCWBifWriter::Device type is : zynq
TRACE::2024-09-08.17:48:56::SCWBifWriter::Writing BIF to file : D:/pantherun/Iot_Display/iot_display2_system/Debug/system.bif
TRACE::2024-09-08.17:48:56::SCWBifWriter::Writing the Zynq Baremetal bif 
TRACE::2024-09-08.17:54:25::SCWBifWriter::Found the complete platform D:/pantherun/Iot_Display/design_1_wrapper/export/design_1_wrapper/design_1_wrapper.xpfm
TRACE::2024-09-08.17:54:25::SCWBifWriter::hardware databse : design_1_wrapper_7
TRACE::2024-09-08.17:54:25::SCWBifWriter::bitstream found in the design
TRACE::2024-09-08.17:54:25::SCWBifWriter::Found a baremetal domain, proc: ps7_cortexa9_0
TRACE::2024-09-08.17:54:25::SCWBifWriter::proc type : 
TRACE::2024-09-08.17:54:25::SCWBifWriter::proc[0] : ps7_cortexa9_0
TRACE::2024-09-08.17:54:25::SCWBifWriter::Device type is : zynq
TRACE::2024-09-08.17:54:25::SCWBifWriter::Writing BIF to file : D:/pantherun/Iot_Display/iot_display2_system/Debug/system.bif
TRACE::2024-09-08.17:54:25::SCWBifWriter::Writing the Zynq Baremetal bif 
TRACE::2024-09-08.17:55:44::SCWBifWriter::Found the complete platform D:/pantherun/Iot_Display/design_1_wrapper/export/design_1_wrapper/design_1_wrapper.xpfm
TRACE::2024-09-08.17:55:44::SCWBifWriter::hardware databse : design_1_wrapper_7
TRACE::2024-09-08.17:55:44::SCWBifWriter::bitstream found in the design
TRACE::2024-09-08.17:55:44::SCWBifWriter::Found a baremetal domain, proc: ps7_cortexa9_0
TRACE::2024-09-08.17:55:44::SCWBifWriter::proc type : 
TRACE::2024-09-08.17:55:44::SCWBifWriter::proc[0] : ps7_cortexa9_0
TRACE::2024-09-08.17:55:44::SCWBifWriter::Device type is : zynq
TRACE::2024-09-08.17:55:44::SCWBifWriter::Writing BIF to file : D:/pantherun/Iot_Display/iot_display2_system/Debug/system.bif
TRACE::2024-09-08.17:55:44::SCWBifWriter::Writing the Zynq Baremetal bif 
TRACE::2024-09-08.17:55:57::SCWBifWriter::Found the complete platform D:/pantherun/Iot_Display/design_1_wrapper/export/design_1_wrapper/design_1_wrapper.xpfm
TRACE::2024-09-08.17:55:57::SCWBifWriter::hardware databse : design_1_wrapper_7
TRACE::2024-09-08.17:55:57::SCWBifWriter::bitstream found in the design
TRACE::2024-09-08.17:55:57::SCWBifWriter::Found a baremetal domain, proc: ps7_cortexa9_0
TRACE::2024-09-08.17:55:57::SCWBifWriter::proc type : 
TRACE::2024-09-08.17:55:57::SCWBifWriter::proc[0] : ps7_cortexa9_0
TRACE::2024-09-08.17:55:57::SCWBifWriter::Device type is : zynq
TRACE::2024-09-08.17:55:57::SCWBifWriter::Writing BIF to file : D:/pantherun/Iot_Display/iot_display2_system/Debug/system.bif
TRACE::2024-09-08.17:55:57::SCWBifWriter::Writing the Zynq Baremetal bif 
